[15-May-2014 08:56:18 UTC] PHP Warning:  include_once(../classes/Smarty_Internal_TemplateCompilerBase.class.inc) [<a href='function.include-once'>function.include-once</a>]: failed to open stream: No such file or directory in /var/www/web/dev/heraldry2/include/local_functions.php on line 27
[15-May-2014 08:56:18 UTC] PHP Warning:  include_once() [<a href='function.include'>function.include</a>]: Failed opening '../classes/Smarty_Internal_TemplateCompilerBase.class.inc' for inclusion (include_path='.:/var/www/functions:/var/www/include') in /var/www/web/dev/heraldry2/include/local_functions.php on line 27
[15-May-2014 08:56:18 UTC] PHP Warning:  include_once(../classes/Smarty_Internal_Templatelexer.class.inc) [<a href='function.include-once'>function.include-once</a>]: failed to open stream: No such file or directory in /var/www/web/dev/heraldry2/include/local_functions.php on line 27
[15-May-2014 08:56:18 UTC] PHP Warning:  include_once() [<a href='function.include'>function.include</a>]: Failed opening '../classes/Smarty_Internal_Templatelexer.class.inc' for inclusion (include_path='.:/var/www/functions:/var/www/include') in /var/www/web/dev/heraldry2/include/local_functions.php on line 27
[15-May-2014 08:56:18 UTC] PHP Warning:  include_once(../classes/Smarty_Internal_Templateparser.class.inc) [<a href='function.include-once'>function.include-once</a>]: failed to open stream: No such file or directory in /var/www/web/dev/heraldry2/include/local_functions.php on line 27
[15-May-2014 08:56:18 UTC] PHP Warning:  include_once() [<a href='function.include'>function.include</a>]: Failed opening '../classes/Smarty_Internal_Templateparser.class.inc' for inclusion (include_path='.:/var/www/functions:/var/www/include') in /var/www/web/dev/heraldry2/include/local_functions.php on line 27
[15-May-2014 08:56:18 UTC] PHP Warning:  include_once(../classes/Smarty_Internal_CompileBase.class.inc) [<a href='function.include-once'>function.include-once</a>]: failed to open stream: No such file or directory in /var/www/web/dev/heraldry2/include/local_functions.php on line 27
[15-May-2014 08:56:18 UTC] PHP Warning:  include_once() [<a href='function.include'>function.include</a>]: Failed opening '../classes/Smarty_Internal_CompileBase.class.inc' for inclusion (include_path='.:/var/www/functions:/var/www/include') in /var/www/web/dev/heraldry2/include/local_functions.php on line 27
[15-May-2014 08:56:18 UTC] PHP Fatal error:  Uncaught  --> Smarty Compiler: Syntax error in template "/var/www/web/dev/heraldry2/smarty/templates/index.tpl"  on line 52 "{section}" missing "name" attribute <-- 
  thrown in /var/www/functions/Smarty-3.1.16/libs/sysplugins/smarty_internal_templatecompilerbase.php on line 52
[15-May-2014 08:57:23 UTC] PHP Fatal error:  Uncaught  --> Smarty Compiler: Syntax error in template "/var/www/web/dev/heraldry2/smarty/templates/index.tpl"  on line 52 "{section}" missing "name" attribute <-- 
  thrown in /var/www/functions/Smarty-3.1.16/libs/sysplugins/smarty_internal_templatecompilerbase.php on line 52
[15-May-2014 08:57:27 UTC] PHP Fatal error:  Uncaught  --> Smarty Compiler: Syntax error in template "/var/www/web/dev/heraldry2/smarty/templates/index.tpl"  on line 52 "{section}" missing "name" attribute <-- 
  thrown in /var/www/functions/Smarty-3.1.16/libs/sysplugins/smarty_internal_templatecompilerbase.php on line 52
[15-May-2014 11:36:18 UTC] PHP Warning:  include_once(../classes/Smarty_Internal_TemplateCompilerBase.class.inc) [<a href='function.include-once'>function.include-once</a>]: failed to open stream: No such file or directory in /var/www/web/dev/heraldry2/include/local_functions.php on line 27
[15-May-2014 11:36:18 UTC] PHP Warning:  include_once() [<a href='function.include'>function.include</a>]: Failed opening '../classes/Smarty_Internal_TemplateCompilerBase.class.inc' for inclusion (include_path='.:/var/www/functions:/var/www/include') in /var/www/web/dev/heraldry2/include/local_functions.php on line 27
[15-May-2014 11:36:18 UTC] PHP Warning:  include_once(../classes/Smarty_Internal_Templatelexer.class.inc) [<a href='function.include-once'>function.include-once</a>]: failed to open stream: No such file or directory in /var/www/web/dev/heraldry2/include/local_functions.php on line 27
[15-May-2014 11:36:18 UTC] PHP Warning:  include_once() [<a href='function.include'>function.include</a>]: Failed opening '../classes/Smarty_Internal_Templatelexer.class.inc' for inclusion (include_path='.:/var/www/functions:/var/www/include') in /var/www/web/dev/heraldry2/include/local_functions.php on line 27
[15-May-2014 11:36:18 UTC] PHP Warning:  include_once(../classes/Smarty_Internal_Templateparser.class.inc) [<a href='function.include-once'>function.include-once</a>]: failed to open stream: No such file or directory in /var/www/web/dev/heraldry2/include/local_functions.php on line 27
[15-May-2014 11:36:18 UTC] PHP Warning:  include_once() [<a href='function.include'>function.include</a>]: Failed opening '../classes/Smarty_Internal_Templateparser.class.inc' for inclusion (include_path='.:/var/www/functions:/var/www/include') in /var/www/web/dev/heraldry2/include/local_functions.php on line 27
[15-May-2014 11:36:18 UTC] PHP Warning:  include_once(../classes/Smarty_Internal_CompileBase.class.inc) [<a href='function.include-once'>function.include-once</a>]: failed to open stream: No such file or directory in /var/www/web/dev/heraldry2/include/local_functions.php on line 27
[15-May-2014 11:36:18 UTC] PHP Warning:  include_once() [<a href='function.include'>function.include</a>]: Failed opening '../classes/Smarty_Internal_CompileBase.class.inc' for inclusion (include_path='.:/var/www/functions:/var/www/include') in /var/www/web/dev/heraldry2/include/local_functions.php on line 27
[15-May-2014 11:36:18 UTC] PHP Warning:  include_once(../classes/Smarty_Internal_Write_File.class.inc) [<a href='function.include-once'>function.include-once</a>]: failed to open stream: No such file or directory in /var/www/web/dev/heraldry2/include/local_functions.php on line 27
[15-May-2014 11:36:18 UTC] PHP Warning:  include_once() [<a href='function.include'>function.include</a>]: Failed opening '../classes/Smarty_Internal_Write_File.class.inc' for inclusion (include_path='.:/var/www/functions:/var/www/include') in /var/www/web/dev/heraldry2/include/local_functions.php on line 27
[15-May-2014 11:36:40 UTC] PHP Warning:  include_once(../classes/Smarty_Internal_TemplateCompilerBase.class.inc) [<a href='function.include-once'>function.include-once</a>]: failed to open stream: No such file or directory in /var/www/web/dev/heraldry2/include/local_functions.php on line 27
[15-May-2014 11:36:40 UTC] PHP Warning:  include_once() [<a href='function.include'>function.include</a>]: Failed opening '../classes/Smarty_Internal_TemplateCompilerBase.class.inc' for inclusion (include_path='.:/var/www/functions:/var/www/include') in /var/www/web/dev/heraldry2/include/local_functions.php on line 27
[15-May-2014 11:36:40 UTC] PHP Warning:  include_once(../classes/Smarty_Internal_Templatelexer.class.inc) [<a href='function.include-once'>function.include-once</a>]: failed to open stream: No such file or directory in /var/www/web/dev/heraldry2/include/local_functions.php on line 27
[15-May-2014 11:36:40 UTC] PHP Warning:  include_once() [<a href='function.include'>function.include</a>]: Failed opening '../classes/Smarty_Internal_Templatelexer.class.inc' for inclusion (include_path='.:/var/www/functions:/var/www/include') in /var/www/web/dev/heraldry2/include/local_functions.php on line 27
[15-May-2014 11:36:40 UTC] PHP Warning:  include_once(../classes/Smarty_Internal_Templateparser.class.inc) [<a href='function.include-once'>function.include-once</a>]: failed to open stream: No such file or directory in /var/www/web/dev/heraldry2/include/local_functions.php on line 27
[15-May-2014 11:36:40 UTC] PHP Warning:  include_once() [<a href='function.include'>function.include</a>]: Failed opening '../classes/Smarty_Internal_Templateparser.class.inc' for inclusion (include_path='.:/var/www/functions:/var/www/include') in /var/www/web/dev/heraldry2/include/local_functions.php on line 27
[15-May-2014 11:36:40 UTC] PHP Warning:  include_once(../classes/Smarty_Internal_Write_File.class.inc) [<a href='function.include-once'>function.include-once</a>]: failed to open stream: No such file or directory in /var/www/web/dev/heraldry2/include/local_functions.php on line 27
[15-May-2014 11:36:40 UTC] PHP Warning:  include_once() [<a href='function.include'>function.include</a>]: Failed opening '../classes/Smarty_Internal_Write_File.class.inc' for inclusion (include_path='.:/var/www/functions:/var/www/include') in /var/www/web/dev/heraldry2/include/local_functions.php on line 27
[15-May-2014 11:37:58 UTC] PHP Warning:  include_once(../classes/Smarty_Internal_TemplateCompilerBase.class.inc) [<a href='function.include-once'>function.include-once</a>]: failed to open stream: No such file or directory in /var/www/web/dev/heraldry2/include/local_functions.php on line 27
[15-May-2014 11:37:58 UTC] PHP Warning:  include_once() [<a href='function.include'>function.include</a>]: Failed opening '../classes/Smarty_Internal_TemplateCompilerBase.class.inc' for inclusion (include_path='.:/var/www/functions:/var/www/include') in /var/www/web/dev/heraldry2/include/local_functions.php on line 27
[15-May-2014 11:37:58 UTC] PHP Warning:  include_once(../classes/Smarty_Internal_Templatelexer.class.inc) [<a href='function.include-once'>function.include-once</a>]: failed to open stream: No such file or directory in /var/www/web/dev/heraldry2/include/local_functions.php on line 27
[15-May-2014 11:37:58 UTC] PHP Warning:  include_once() [<a href='function.include'>function.include</a>]: Failed opening '../classes/Smarty_Internal_Templatelexer.class.inc' for inclusion (include_path='.:/var/www/functions:/var/www/include') in /var/www/web/dev/heraldry2/include/local_functions.php on line 27
[15-May-2014 11:37:58 UTC] PHP Warning:  include_once(../classes/Smarty_Internal_Templateparser.class.inc) [<a href='function.include-once'>function.include-once</a>]: failed to open stream: No such file or directory in /var/www/web/dev/heraldry2/include/local_functions.php on line 27
[15-May-2014 11:37:58 UTC] PHP Warning:  include_once() [<a href='function.include'>function.include</a>]: Failed opening '../classes/Smarty_Internal_Templateparser.class.inc' for inclusion (include_path='.:/var/www/functions:/var/www/include') in /var/www/web/dev/heraldry2/include/local_functions.php on line 27
[15-May-2014 11:37:58 UTC] PHP Warning:  include_once(../classes/Smarty_Internal_Write_File.class.inc) [<a href='function.include-once'>function.include-once</a>]: failed to open stream: No such file or directory in /var/www/web/dev/heraldry2/include/local_functions.php on line 27
[15-May-2014 11:37:58 UTC] PHP Warning:  include_once() [<a href='function.include'>function.include</a>]: Failed opening '../classes/Smarty_Internal_Write_File.class.inc' for inclusion (include_path='.:/var/www/functions:/var/www/include') in /var/www/web/dev/heraldry2/include/local_functions.php on line 27
[15-May-2014 11:38:53 UTC] PHP Warning:  include_once(../classes/Smarty_Internal_TemplateCompilerBase.class.inc) [<a href='function.include-once'>function.include-once</a>]: failed to open stream: No such file or directory in /var/www/web/dev/heraldry2/include/local_functions.php on line 27
[15-May-2014 11:38:53 UTC] PHP Warning:  include_once() [<a href='function.include'>function.include</a>]: Failed opening '../classes/Smarty_Internal_TemplateCompilerBase.class.inc' for inclusion (include_path='.:/var/www/functions:/var/www/include') in /var/www/web/dev/heraldry2/include/local_functions.php on line 27
[15-May-2014 11:38:53 UTC] PHP Warning:  include_once(../classes/Smarty_Internal_Templatelexer.class.inc) [<a href='function.include-once'>function.include-once</a>]: failed to open stream: No such file or directory in /var/www/web/dev/heraldry2/include/local_functions.php on line 27
[15-May-2014 11:38:53 UTC] PHP Warning:  include_once() [<a href='function.include'>function.include</a>]: Failed opening '../classes/Smarty_Internal_Templatelexer.class.inc' for inclusion (include_path='.:/var/www/functions:/var/www/include') in /var/www/web/dev/heraldry2/include/local_functions.php on line 27
[15-May-2014 11:38:53 UTC] PHP Warning:  include_once(../classes/Smarty_Internal_Templateparser.class.inc) [<a href='function.include-once'>function.include-once</a>]: failed to open stream: No such file or directory in /var/www/web/dev/heraldry2/include/local_functions.php on line 27
[15-May-2014 11:38:53 UTC] PHP Warning:  include_once() [<a href='function.include'>function.include</a>]: Failed opening '../classes/Smarty_Internal_Templateparser.class.inc' for inclusion (include_path='.:/var/www/functions:/var/www/include') in /var/www/web/dev/heraldry2/include/local_functions.php on line 27
[15-May-2014 11:38:53 UTC] PHP Warning:  include_once(../classes/Smarty_Internal_CompileBase.class.inc) [<a href='function.include-once'>function.include-once</a>]: failed to open stream: No such file or directory in /var/www/web/dev/heraldry2/include/local_functions.php on line 27
[15-May-2014 11:38:53 UTC] PHP Warning:  include_once() [<a href='function.include'>function.include</a>]: Failed opening '../classes/Smarty_Internal_CompileBase.class.inc' for inclusion (include_path='.:/var/www/functions:/var/www/include') in /var/www/web/dev/heraldry2/include/local_functions.php on line 27
[15-May-2014 11:38:53 UTC] PHP Warning:  include_once(../classes/Smarty_Internal_Write_File.class.inc) [<a href='function.include-once'>function.include-once</a>]: failed to open stream: No such file or directory in /var/www/web/dev/heraldry2/include/local_functions.php on line 27
[15-May-2014 11:38:53 UTC] PHP Warning:  include_once() [<a href='function.include'>function.include</a>]: Failed opening '../classes/Smarty_Internal_Write_File.class.inc' for inclusion (include_path='.:/var/www/functions:/var/www/include') in /var/www/web/dev/heraldry2/include/local_functions.php on line 27
[15-May-2014 11:40:22 UTC] PHP Warning:  include_once(../classes/Smarty_Internal_TemplateCompilerBase.class.inc) [<a href='function.include-once'>function.include-once</a>]: failed to open stream: No such file or directory in /var/www/web/dev/heraldry2/include/local_functions.php on line 27
[15-May-2014 11:40:22 UTC] PHP Warning:  include_once() [<a href='function.include'>function.include</a>]: Failed opening '../classes/Smarty_Internal_TemplateCompilerBase.class.inc' for inclusion (include_path='.:/var/www/functions:/var/www/include') in /var/www/web/dev/heraldry2/include/local_functions.php on line 27
[15-May-2014 11:40:22 UTC] PHP Warning:  include_once(../classes/Smarty_Internal_Templatelexer.class.inc) [<a href='function.include-once'>function.include-once</a>]: failed to open stream: No such file or directory in /var/www/web/dev/heraldry2/include/local_functions.php on line 27
[15-May-2014 11:40:22 UTC] PHP Warning:  include_once() [<a href='function.include'>function.include</a>]: Failed opening '../classes/Smarty_Internal_Templatelexer.class.inc' for inclusion (include_path='.:/var/www/functions:/var/www/include') in /var/www/web/dev/heraldry2/include/local_functions.php on line 27
[15-May-2014 11:40:22 UTC] PHP Warning:  include_once(../classes/Smarty_Internal_Templateparser.class.inc) [<a href='function.include-once'>function.include-once</a>]: failed to open stream: No such file or directory in /var/www/web/dev/heraldry2/include/local_functions.php on line 27
[15-May-2014 11:40:22 UTC] PHP Warning:  include_once() [<a href='function.include'>function.include</a>]: Failed opening '../classes/Smarty_Internal_Templateparser.class.inc' for inclusion (include_path='.:/var/www/functions:/var/www/include') in /var/www/web/dev/heraldry2/include/local_functions.php on line 27
[15-May-2014 11:40:22 UTC] PHP Warning:  include_once(../classes/Smarty_Internal_CompileBase.class.inc) [<a href='function.include-once'>function.include-once</a>]: failed to open stream: No such file or directory in /var/www/web/dev/heraldry2/include/local_functions.php on line 27
[15-May-2014 11:40:22 UTC] PHP Warning:  include_once() [<a href='function.include'>function.include</a>]: Failed opening '../classes/Smarty_Internal_CompileBase.class.inc' for inclusion (include_path='.:/var/www/functions:/var/www/include') in /var/www/web/dev/heraldry2/include/local_functions.php on line 27
[15-May-2014 11:40:22 UTC] PHP Warning:  include_once(../classes/Smarty_Internal_Write_File.class.inc) [<a href='function.include-once'>function.include-once</a>]: failed to open stream: No such file or directory in /var/www/web/dev/heraldry2/include/local_functions.php on line 27
[15-May-2014 11:40:22 UTC] PHP Warning:  include_once() [<a href='function.include'>function.include</a>]: Failed opening '../classes/Smarty_Internal_Write_File.class.inc' for inclusion (include_path='.:/var/www/functions:/var/www/include') in /var/www/web/dev/heraldry2/include/local_functions.php on line 27
[15-May-2014 11:41:20 UTC] PHP Warning:  include_once(../classes/Smarty_Internal_TemplateCompilerBase.class.inc) [<a href='function.include-once'>function.include-once</a>]: failed to open stream: No such file or directory in /var/www/web/dev/heraldry2/include/local_functions.php on line 27
[15-May-2014 11:41:20 UTC] PHP Warning:  include_once() [<a href='function.include'>function.include</a>]: Failed opening '../classes/Smarty_Internal_TemplateCompilerBase.class.inc' for inclusion (include_path='.:/var/www/functions:/var/www/include') in /var/www/web/dev/heraldry2/include/local_functions.php on line 27
[15-May-2014 11:41:20 UTC] PHP Warning:  include_once(../classes/Smarty_Internal_Templatelexer.class.inc) [<a href='function.include-once'>function.include-once</a>]: failed to open stream: No such file or directory in /var/www/web/dev/heraldry2/include/local_functions.php on line 27
[15-May-2014 11:41:20 UTC] PHP Warning:  include_once() [<a href='function.include'>function.include</a>]: Failed opening '../classes/Smarty_Internal_Templatelexer.class.inc' for inclusion (include_path='.:/var/www/functions:/var/www/include') in /var/www/web/dev/heraldry2/include/local_functions.php on line 27
[15-May-2014 11:41:20 UTC] PHP Warning:  include_once(../classes/Smarty_Internal_Templateparser.class.inc) [<a href='function.include-once'>function.include-once</a>]: failed to open stream: No such file or directory in /var/www/web/dev/heraldry2/include/local_functions.php on line 27
[15-May-2014 11:41:20 UTC] PHP Warning:  include_once() [<a href='function.include'>function.include</a>]: Failed opening '../classes/Smarty_Internal_Templateparser.class.inc' for inclusion (include_path='.:/var/www/functions:/var/www/include') in /var/www/web/dev/heraldry2/include/local_functions.php on line 27
[15-May-2014 11:41:20 UTC] PHP Warning:  include_once(../classes/Smarty_Internal_CompileBase.class.inc) [<a href='function.include-once'>function.include-once</a>]: failed to open stream: No such file or directory in /var/www/web/dev/heraldry2/include/local_functions.php on line 27
[15-May-2014 11:41:20 UTC] PHP Warning:  include_once() [<a href='function.include'>function.include</a>]: Failed opening '../classes/Smarty_Internal_CompileBase.class.inc' for inclusion (include_path='.:/var/www/functions:/var/www/include') in /var/www/web/dev/heraldry2/include/local_functions.php on line 27
[15-May-2014 11:41:20 UTC] PHP Warning:  include_once(../classes/Smarty_Internal_Write_File.class.inc) [<a href='function.include-once'>function.include-once</a>]: failed to open stream: No such file or directory in /var/www/web/dev/heraldry2/include/local_functions.php on line 27
[15-May-2014 11:41:20 UTC] PHP Warning:  include_once() [<a href='function.include'>function.include</a>]: Failed opening '../classes/Smarty_Internal_Write_File.class.inc' for inclusion (include_path='.:/var/www/functions:/var/www/include') in /var/www/web/dev/heraldry2/include/local_functions.php on line 27
[15-May-2014 11:48:36 UTC] PHP Warning:  include_once(../classes/Smarty_Internal_TemplateCompilerBase.class.inc) [<a href='function.include-once'>function.include-once</a>]: failed to open stream: No such file or directory in /var/www/web/dev/heraldry2/include/local_functions.php on line 27
[15-May-2014 11:48:36 UTC] PHP Warning:  include_once() [<a href='function.include'>function.include</a>]: Failed opening '../classes/Smarty_Internal_TemplateCompilerBase.class.inc' for inclusion (include_path='.:/var/www/functions:/var/www/include') in /var/www/web/dev/heraldry2/include/local_functions.php on line 27
[15-May-2014 11:48:36 UTC] PHP Warning:  include_once(../classes/Smarty_Internal_Templatelexer.class.inc) [<a href='function.include-once'>function.include-once</a>]: failed to open stream: No such file or directory in /var/www/web/dev/heraldry2/include/local_functions.php on line 27
[15-May-2014 11:48:36 UTC] PHP Warning:  include_once() [<a href='function.include'>function.include</a>]: Failed opening '../classes/Smarty_Internal_Templatelexer.class.inc' for inclusion (include_path='.:/var/www/functions:/var/www/include') in /var/www/web/dev/heraldry2/include/local_functions.php on line 27
[15-May-2014 11:48:36 UTC] PHP Warning:  include_once(../classes/Smarty_Internal_Templateparser.class.inc) [<a href='function.include-once'>function.include-once</a>]: failed to open stream: No such file or directory in /var/www/web/dev/heraldry2/include/local_functions.php on line 27
[15-May-2014 11:48:36 UTC] PHP Warning:  include_once() [<a href='function.include'>function.include</a>]: Failed opening '../classes/Smarty_Internal_Templateparser.class.inc' for inclusion (include_path='.:/var/www/functions:/var/www/include') in /var/www/web/dev/heraldry2/include/local_functions.php on line 27
[15-May-2014 11:48:36 UTC] PHP Warning:  include_once(../classes/Smarty_Internal_CompileBase.class.inc) [<a href='function.include-once'>function.include-once</a>]: failed to open stream: No such file or directory in /var/www/web/dev/heraldry2/include/local_functions.php on line 27
[15-May-2014 11:48:36 UTC] PHP Warning:  include_once() [<a href='function.include'>function.include</a>]: Failed opening '../classes/Smarty_Internal_CompileBase.class.inc' for inclusion (include_path='.:/var/www/functions:/var/www/include') in /var/www/web/dev/heraldry2/include/local_functions.php on line 27
[15-May-2014 11:48:36 UTC] PHP Warning:  include_once(../classes/Smarty_Internal_Write_File.class.inc) [<a href='function.include-once'>function.include-once</a>]: failed to open stream: No such file or directory in /var/www/web/dev/heraldry2/include/local_functions.php on line 27
[15-May-2014 11:48:36 UTC] PHP Warning:  include_once() [<a href='function.include'>function.include</a>]: Failed opening '../classes/Smarty_Internal_Write_File.class.inc' for inclusion (include_path='.:/var/www/functions:/var/www/include') in /var/www/web/dev/heraldry2/include/local_functions.php on line 27
[15-May-2014 11:50:23 UTC] PHP Warning:  include_once(../classes/Smarty_Internal_TemplateCompilerBase.class.inc) [<a href='function.include-once'>function.include-once</a>]: failed to open stream: No such file or directory in /var/www/web/dev/heraldry2/include/local_functions.php on line 27
[15-May-2014 11:50:23 UTC] PHP Warning:  include_once() [<a href='function.include'>function.include</a>]: Failed opening '../classes/Smarty_Internal_TemplateCompilerBase.class.inc' for inclusion (include_path='.:/var/www/functions:/var/www/include') in /var/www/web/dev/heraldry2/include/local_functions.php on line 27
[15-May-2014 11:50:23 UTC] PHP Warning:  include_once(../classes/Smarty_Internal_Templatelexer.class.inc) [<a href='function.include-once'>function.include-once</a>]: failed to open stream: No such file or directory in /var/www/web/dev/heraldry2/include/local_functions.php on line 27
[15-May-2014 11:50:23 UTC] PHP Warning:  include_once() [<a href='function.include'>function.include</a>]: Failed opening '../classes/Smarty_Internal_Templatelexer.class.inc' for inclusion (include_path='.:/var/www/functions:/var/www/include') in /var/www/web/dev/heraldry2/include/local_functions.php on line 27
[15-May-2014 11:50:23 UTC] PHP Warning:  include_once(../classes/Smarty_Internal_Templateparser.class.inc) [<a href='function.include-once'>function.include-once</a>]: failed to open stream: No such file or directory in /var/www/web/dev/heraldry2/include/local_functions.php on line 27
[15-May-2014 11:50:23 UTC] PHP Warning:  include_once() [<a href='function.include'>function.include</a>]: Failed opening '../classes/Smarty_Internal_Templateparser.class.inc' for inclusion (include_path='.:/var/www/functions:/var/www/include') in /var/www/web/dev/heraldry2/include/local_functions.php on line 27
[15-May-2014 11:50:23 UTC] PHP Warning:  include_once(../classes/Smarty_Internal_CompileBase.class.inc) [<a href='function.include-once'>function.include-once</a>]: failed to open stream: No such file or directory in /var/www/web/dev/heraldry2/include/local_functions.php on line 27
[15-May-2014 11:50:23 UTC] PHP Warning:  include_once() [<a href='function.include'>function.include</a>]: Failed opening '../classes/Smarty_Internal_CompileBase.class.inc' for inclusion (include_path='.:/var/www/functions:/var/www/include') in /var/www/web/dev/heraldry2/include/local_functions.php on line 27
[15-May-2014 11:50:23 UTC] PHP Warning:  include_once(../classes/Smarty_Internal_Write_File.class.inc) [<a href='function.include-once'>function.include-once</a>]: failed to open stream: No such file or directory in /var/www/web/dev/heraldry2/include/local_functions.php on line 27
[15-May-2014 11:50:23 UTC] PHP Warning:  include_once() [<a href='function.include'>function.include</a>]: Failed opening '../classes/Smarty_Internal_Write_File.class.inc' for inclusion (include_path='.:/var/www/functions:/var/www/include') in /var/www/web/dev/heraldry2/include/local_functions.php on line 27
[15-May-2014 11:50:28 UTC] PHP Warning:  include_once(../classes/Smarty_Internal_TemplateCompilerBase.class.inc) [<a href='function.include-once'>function.include-once</a>]: failed to open stream: No such file or directory in /var/www/web/dev/heraldry2/include/local_functions.php on line 27
[15-May-2014 11:50:28 UTC] PHP Warning:  include_once() [<a href='function.include'>function.include</a>]: Failed opening '../classes/Smarty_Internal_TemplateCompilerBase.class.inc' for inclusion (include_path='.:/var/www/functions:/var/www/include') in /var/www/web/dev/heraldry2/include/local_functions.php on line 27
[15-May-2014 11:50:28 UTC] PHP Warning:  include_once(../classes/Smarty_Internal_Templatelexer.class.inc) [<a href='function.include-once'>function.include-once</a>]: failed to open stream: No such file or directory in /var/www/web/dev/heraldry2/include/local_functions.php on line 27
[15-May-2014 11:50:28 UTC] PHP Warning:  include_once() [<a href='function.include'>function.include</a>]: Failed opening '../classes/Smarty_Internal_Templatelexer.class.inc' for inclusion (include_path='.:/var/www/functions:/var/www/include') in /var/www/web/dev/heraldry2/include/local_functions.php on line 27
[15-May-2014 11:50:28 UTC] PHP Warning:  include_once(../classes/Smarty_Internal_Templateparser.class.inc) [<a href='function.include-once'>function.include-once</a>]: failed to open stream: No such file or directory in /var/www/web/dev/heraldry2/include/local_functions.php on line 27
[15-May-2014 11:50:28 UTC] PHP Warning:  include_once() [<a href='function.include'>function.include</a>]: Failed opening '../classes/Smarty_Internal_Templateparser.class.inc' for inclusion (include_path='.:/var/www/functions:/var/www/include') in /var/www/web/dev/heraldry2/include/local_functions.php on line 27
[15-May-2014 11:50:28 UTC] PHP Warning:  include_once(../classes/Smarty_Internal_CompileBase.class.inc) [<a href='function.include-once'>function.include-once</a>]: failed to open stream: No such file or directory in /var/www/web/dev/heraldry2/include/local_functions.php on line 27
[15-May-2014 11:50:28 UTC] PHP Warning:  include_once() [<a href='function.include'>function.include</a>]: Failed opening '../classes/Smarty_Internal_CompileBase.class.inc' for inclusion (include_path='.:/var/www/functions:/var/www/include') in /var/www/web/dev/heraldry2/include/local_functions.php on line 27
[15-May-2014 11:50:28 UTC] PHP Warning:  include_once(../classes/Smarty_Internal_Write_File.class.inc) [<a href='function.include-once'>function.include-once</a>]: failed to open stream: No such file or directory in /var/www/web/dev/heraldry2/include/local_functions.php on line 27
[15-May-2014 11:50:28 UTC] PHP Warning:  include_once() [<a href='function.include'>function.include</a>]: Failed opening '../classes/Smarty_Internal_Write_File.class.inc' for inclusion (include_path='.:/var/www/functions:/var/www/include') in /var/www/web/dev/heraldry2/include/local_functions.php on line 27
